<?xml version="1.0" encoding="UTF-8"?>
<testng-results skipped="0" failed="0" total="1" passed="1">
  <reporter-output>
  </reporter-output>
  <suite name="Command line suite" duration-ms="67" started-at="2020-04-30T10:19:11Z" finished-at="2020-04-30T10:19:11Z">
    <groups>
    </groups>
    <test name="Command line test" duration-ms="67" started-at="2020-04-30T10:19:11Z" finished-at="2020-04-30T10:19:11Z">
      <class name="TESTNG.TESTNG.AppTest">
        <test-method status="PASS" signature="testApp()[pri:0, instance:testApp(TESTNG.TESTNG.AppTest)]" name="testApp" duration-ms="3" started-at="2020-04-30T20:19:11Z" finished-at="2020-04-30T20:19:11Z">
          <reporter-output>
          </reporter-output>
        </test-method> <!-- testApp -->
      </class> <!-- TESTNG.TESTNG.AppTest -->
    </test> <!-- Command line test -->
  </suite> <!-- Command line suite -->
</testng-results>
