<?xml version="1.0" encoding="UTF-8"?>
<testng-results skipped="0" failed="0" ignored="0" total="2" passed="2">
  <reporter-output>
  </reporter-output>
  <suite name="Default suite" duration-ms="137" started-at="2020-09-11T07:47:49 AEST" finished-at="2020-09-11T07:47:50 AEST">
    <groups>
    </groups>
    <test name="Default test" duration-ms="137" started-at="2020-09-11T07:47:49 AEST" finished-at="2020-09-11T07:47:50 AEST">
      <class name="com.testng.concepts.Annotation">
        <test-method status="PASS" signature="beforetest()[pri:0, instance:com.testng.concepts.Annotation@d6da883]" name="beforetest" is-config="true" duration-ms="67" started-at="2020-09-11T07:47:49 AEST" finished-at="2020-09-11T07:47:50 AEST">
          <reporter-output>
          </reporter-output>
        </test-method> <!-- beforetest -->
        <test-method status="PASS" signature="beforeMethod()[pri:0, instance:com.testng.concepts.Annotation@d6da883]" name="beforeMethod" is-config="true" duration-ms="0" started-at="2020-09-11T07:47:50 AEST" finished-at="2020-09-11T07:47:50 AEST">
          <reporter-output>
          </reporter-output>
        </test-method> <!-- beforeMethod -->
        <test-method status="PASS" signature="abcd()[pri:0, instance:com.testng.concepts.Annotation@d6da883]" name="abcd" duration-ms="7" started-at="2020-09-11T07:47:50 AEST" finished-at="2020-09-11T07:47:50 AEST">
          <reporter-output>
          </reporter-output>
        </test-method> <!-- abcd -->
        <test-method status="PASS" signature="afterMethod()[pri:0, instance:com.testng.concepts.Annotation@d6da883]" name="afterMethod" is-config="true" duration-ms="1" started-at="2020-09-11T07:47:50 AEST" finished-at="2020-09-11T07:47:50 AEST">
          <reporter-output>
          </reporter-output>
        </test-method> <!-- afterMethod -->
        <test-method status="PASS" signature="beforeMethod()[pri:0, instance:com.testng.concepts.Annotation@d6da883]" name="beforeMethod" is-config="true" duration-ms="1" started-at="2020-09-11T07:47:50 AEST" finished-at="2020-09-11T07:47:50 AEST">
          <reporter-output>
          </reporter-output>
        </test-method> <!-- beforeMethod -->
        <test-method status="PASS" signature="abcd1()[pri:0, instance:com.testng.concepts.Annotation@d6da883]" name="abcd1" duration-ms="2" started-at="2020-09-11T07:47:50 AEST" finished-at="2020-09-11T07:47:50 AEST">
          <reporter-output>
          </reporter-output>
        </test-method> <!-- abcd1 -->
        <test-method status="PASS" signature="afterMethod()[pri:0, instance:com.testng.concepts.Annotation@d6da883]" name="afterMethod" is-config="true" duration-ms="0" started-at="2020-09-11T07:47:50 AEST" finished-at="2020-09-11T07:47:50 AEST">
          <reporter-output>
          </reporter-output>
        </test-method> <!-- afterMethod -->
        <test-method status="PASS" signature="aftertest()[pri:0, instance:com.testng.concepts.Annotation@d6da883]" name="aftertest" is-config="true" duration-ms="1" started-at="2020-09-11T07:47:50 AEST" finished-at="2020-09-11T07:47:50 AEST">
          <reporter-output>
          </reporter-output>
        </test-method> <!-- aftertest -->
      </class> <!-- com.testng.concepts.Annotation -->
    </test> <!-- Default test -->
  </suite> <!-- Default suite -->
</testng-results>
